


ARM Macro Assembler    Page 1 


    1 00000000         ; Константы
    2 00000000         
    3 00000000 20000100 
                       STACK_TOP
                               EQU              0x20000100  ; Вершина с
                                                            тека
    4 00000000 00010000 
                       DELAY_VAL
                               EQU              0x00010000  ; Величина 
                                                            задержки
    5 00000000 00001000 
                       DELAY_VAL1
                               EQU              0x00001000
    6 00000000         
    7 00000000                 END
Command Line: --debug --xref --diag_suppress=9931 --cpu=Cortex-M3 --apcs=interw
ork --depend=.\objects\config.d -o.\objects\config.o -I.\RTE\_Target_1 -IC:\Use
rs\michaelbeta\AppData\Local\Arm\Packs\Keil\STM32F1xx_DFP\2.3.0\Device\Include 
-I"C:\Program Files\ARM\CMSIS\Include" --predefine="__EVAL SETA 1" --predefine=
"__UVISION_VERSION SETA 528" --predefine="STM32F10X_MD_VL SETA 1" --list=.\list
ings\config.lst config.s



ARM Macro Assembler    Page 1 Alphabetic symbol ordering
Absolute symbols

DELAY_VAL 00010000

Symbol: DELAY_VAL
   Definitions
      At line 4 in file config.s
   Uses
      None
Comment: DELAY_VAL unused
DELAY_VAL1 00001000

Symbol: DELAY_VAL1
   Definitions
      At line 5 in file config.s
   Uses
      None
Comment: DELAY_VAL1 unused
STACK_TOP 20000100

Symbol: STACK_TOP
   Definitions
      At line 3 in file config.s
   Uses
      None
Comment: STACK_TOP unused
3 symbols
336 symbols in table
